mode: set
github.com/teamcubation/neocamp-meli/testing/example/sum.go:7.25,9.2 1 1
github.com/teamcubation/neocamp-meli/testing/example/sum.go:11.39,12.11 1 1
github.com/teamcubation/neocamp-meli/testing/example/sum.go:12.11,14.3 1 1
github.com/teamcubation/neocamp-meli/testing/example/sum.go:16.2,16.19 1 1
github.com/teamcubation/neocamp-meli/testing/example/user/user_service.go:18.55,20.2 1 1
github.com/teamcubation/neocamp-meli/testing/example/user/user_service.go:22.59,23.13 1 1
github.com/teamcubation/neocamp-meli/testing/example/user/user_service.go:23.13,25.3 1 1
github.com/teamcubation/neocamp-meli/testing/example/user/user_service.go:27.2,28.16 2 1
github.com/teamcubation/neocamp-meli/testing/example/user/user_service.go:28.16,30.3 1 1
github.com/teamcubation/neocamp-meli/testing/example/user/user_service.go:31.2,31.23 1 1
